<?xml version="1.0" encoding="UTF-8"?>
<robot generator="Robot 4.1.3 (Python 3.8.10 on linux)" generated="20211217 01:44:12.299" rpa="false" schemaversion="2">
<suite id="s1" name="API token" source="/home/haziqah/PycharmProjects/pythonProject/robot-framework-test/API_token.robot">
<test id="s1-t1" name="Open Account Settings">
<kw name="Login">
<kw name="Open Browser" library="SeleniumLibrary">
<arg>url=https://app.deriv.com</arg>
<arg>browser=chrome</arg>
<doc>Opens a new browser instance to the optional ``url``.</doc>
<msg timestamp="20211217 01:44:12.393" level="INFO">Opening browser 'chrome' to base url 'https://app.deriv.com'.</msg>
<status status="PASS" starttime="20211217 01:44:12.393" endtime="20211217 01:44:30.624"/>
</kw>
<kw name="Maximize Browser Window" library="SeleniumLibrary">
<doc>Maximizes current browser window.</doc>
<status status="PASS" starttime="20211217 01:44:30.625" endtime="20211217 01:44:30.770"/>
</kw>
<kw name="Wait Until Page Does Not Contain Element" library="SeleniumLibrary">
<arg>${info_preloader}</arg>
<arg>60</arg>
<doc>Waits until the element ``locator`` disappears from the current page.</doc>
<status status="PASS" starttime="20211217 01:44:30.771" endtime="20211217 01:44:31.029"/>
</kw>
<kw name="Wait Until Page Contains Element" library="SeleniumLibrary">
<arg>${login_btn}</arg>
<arg>60</arg>
<doc>Waits until the element ``locator`` appears on the current page.</doc>
<status status="PASS" starttime="20211217 01:44:31.029" endtime="20211217 01:44:31.045"/>
</kw>
<kw name="Click Element" library="SeleniumLibrary">
<arg>${login_btn}</arg>
<doc>Click the element identified by ``locator``.</doc>
<msg timestamp="20211217 01:44:31.045" level="INFO">Clicking element 'dt_login_button'.</msg>
<status status="PASS" starttime="20211217 01:44:31.045" endtime="20211217 01:44:31.126"/>
</kw>
<kw name="Wait Until Page Contains Element" library="SeleniumLibrary">
<arg>${email_field}</arg>
<arg>30</arg>
<doc>Waits until the element ``locator`` appears on the current page.</doc>
<status status="PASS" starttime="20211217 01:44:31.126" endtime="20211217 01:44:34.808"/>
</kw>
<kw name="Input Text" library="SeleniumLibrary">
<arg>${email_field}</arg>
<arg>${my_email}</arg>
<doc>Types the given ``text`` into the text field identified by ``locator``.</doc>
<msg timestamp="20211217 01:44:34.808" level="INFO">Typing text 'haziqah+4@besquare.com.my' into text field 'name=email'.</msg>
<status status="PASS" starttime="20211217 01:44:34.808" endtime="20211217 01:44:34.884"/>
</kw>
<kw name="Input Text" library="SeleniumLibrary">
<arg>${pw_field}</arg>
<arg>${my_pw}</arg>
<doc>Types the given ``text`` into the text field identified by ``locator``.</doc>
<msg timestamp="20211217 01:44:34.885" level="INFO">Typing text 'ABCdef123' into text field '//*[@type="password"]'.</msg>
<status status="PASS" starttime="20211217 01:44:34.884" endtime="20211217 01:44:34.951"/>
</kw>
<kw name="Click Element" library="SeleniumLibrary">
<arg>${login_oauth_btn}</arg>
<doc>Click the element identified by ``locator``.</doc>
<msg timestamp="20211217 01:44:34.952" level="INFO">Clicking element '//*[text()="Log in"]'.</msg>
<status status="PASS" starttime="20211217 01:44:34.951" endtime="20211217 01:44:38.920"/>
</kw>
<status status="PASS" starttime="20211217 01:44:12.392" endtime="20211217 01:44:38.920"/>
</kw>
<kw name="Account Settings">
<kw name="Wait Until Page Does Not Contain Element" library="SeleniumLibrary">
<arg>${info_preloader}</arg>
<arg>60</arg>
<doc>Waits until the element ``locator`` disappears from the current page.</doc>
<status status="PASS" starttime="20211217 01:44:38.921" endtime="20211217 01:44:43.850"/>
</kw>
<kw name="Wait Until Element Is Visible" library="SeleniumLibrary">
<arg>${acc_settings}</arg>
<arg>60</arg>
<doc>Waits until the element ``locator`` is visible.</doc>
<status status="PASS" starttime="20211217 01:44:43.850" endtime="20211217 01:44:43.880"/>
</kw>
<kw name="Wait Until Element Is Enabled" library="SeleniumLibrary">
<arg>${acc_settings}</arg>
<doc>Waits until the element ``locator`` is enabled.</doc>
<status status="PASS" starttime="20211217 01:44:43.880" endtime="20211217 01:44:43.907"/>
</kw>
<kw name="Click Element" library="SeleniumLibrary">
<arg>${acc_settings}</arg>
<doc>Click the element identified by ``locator``.</doc>
<msg timestamp="20211217 01:44:43.908" level="INFO">Clicking element '//*[@class="account-settings-toggle"]'.</msg>
<status status="PASS" starttime="20211217 01:44:43.908" endtime="20211217 01:44:44.011"/>
</kw>
<kw name="Wait Until Element Is Visible" library="SeleniumLibrary">
<arg>${settings_page}</arg>
<arg>60</arg>
<doc>Waits until the element ``locator`` is visible.</doc>
<status status="PASS" starttime="20211217 01:44:44.011" endtime="20211217 01:44:47.271"/>
</kw>
<status status="PASS" starttime="20211217 01:44:38.921" endtime="20211217 01:44:47.271"/>
</kw>
<kw name="API Token Settings">
<kw name="Wait Until Page Does Not Contain Element" library="SeleniumLibrary">
<arg>${loading_page}</arg>
<arg>60</arg>
<doc>Waits until the element ``locator`` disappears from the current page.</doc>
<status status="PASS" starttime="20211217 01:44:47.272" endtime="20211217 01:44:47.511"/>
</kw>
<kw name="Wait Until Element Is Visible" library="SeleniumLibrary">
<arg>${API_token_settings}</arg>
<arg>60</arg>
<doc>Waits until the element ``locator`` is visible.</doc>
<status status="PASS" starttime="20211217 01:44:47.512" endtime="20211217 01:44:47.528"/>
</kw>
<kw name="Click Element" library="SeleniumLibrary">
<arg>${API_token_settings}</arg>
<doc>Click the element identified by ``locator``.</doc>
<msg timestamp="20211217 01:44:47.529" level="INFO">Clicking element '//*[@id="dc_api-token_link"]'.</msg>
<status status="PASS" starttime="20211217 01:44:47.528" endtime="20211217 01:44:47.625"/>
</kw>
<status status="PASS" starttime="20211217 01:44:47.272" endtime="20211217 01:44:47.625"/>
</kw>
<status status="PASS" starttime="20211217 01:44:12.391" endtime="20211217 01:44:47.626"/>
</test>
<test id="s1-t2" name="TC01">
<kw name="No Scope">
<kw name="Wait Until Element Is Visible" library="SeleniumLibrary">
<arg>${token_name_input}</arg>
<doc>Waits until the element ``locator`` is visible.</doc>
<status status="PASS" starttime="20211217 01:44:47.628" endtime="20211217 01:44:48.086"/>
</kw>
<kw name="Input Text" library="SeleniumLibrary">
<arg>${token_name_input}</arg>
<arg>Testing</arg>
<doc>Types the given ``text`` into the text field identified by ``locator``.</doc>
<msg timestamp="20211217 01:44:48.086" level="INFO">Typing text 'Testing' into text field '//*[@class="dc-input__field"]'.</msg>
<status status="PASS" starttime="20211217 01:44:48.086" endtime="20211217 01:44:48.252"/>
</kw>
<kw name="Element Should Be Disabled" library="SeleniumLibrary">
<arg>${create_token}</arg>
<doc>Verifies that element identified by ``locator`` is disabled.</doc>
<status status="PASS" starttime="20211217 01:44:48.253" endtime="20211217 01:44:48.272"/>
</kw>
<kw name="Press Keys" library="SeleniumLibrary">
<arg>${token_name_input}</arg>
<arg>CTRL+a+BACKSPACE</arg>
<doc>Simulates the user pressing key(s) to an element or on the active browser.</doc>
<msg timestamp="20211217 01:44:48.273" level="INFO">Sending key(s) ('CTRL+a+BACKSPACE',) to //*[@class="dc-input__field"] element.</msg>
<msg timestamp="20211217 01:44:48.552" level="INFO">Pressing special key CONTROL down.</msg>
<msg timestamp="20211217 01:44:48.553" level="INFO">Sending key a</msg>
<msg timestamp="20211217 01:44:48.553" level="INFO">Pressing special key BACKSPACE down.</msg>
<msg timestamp="20211217 01:44:48.553" level="INFO">Releasing special key CONTROL.</msg>
<msg timestamp="20211217 01:44:48.553" level="INFO">Releasing special key BACKSPACE.</msg>
<status status="PASS" starttime="20211217 01:44:48.272" endtime="20211217 01:44:48.603"/>
</kw>
<status status="PASS" starttime="20211217 01:44:47.627" endtime="20211217 01:44:48.604"/>
</kw>
<status status="PASS" starttime="20211217 01:44:47.626" endtime="20211217 01:44:48.604"/>
</test>
<test id="s1-t3" name="TC02">
<kw name="Special Characters">
<kw name="Wait Until Element Is Visible" library="SeleniumLibrary">
<arg>${token_name_input}</arg>
<doc>Waits until the element ``locator`` is visible.</doc>
<status status="PASS" starttime="20211217 01:44:48.605" endtime="20211217 01:44:48.647"/>
</kw>
<kw name="Input Text" library="SeleniumLibrary">
<arg>${token_name_input}</arg>
<arg>&lt;test&gt;</arg>
<doc>Types the given ``text`` into the text field identified by ``locator``.</doc>
<msg timestamp="20211217 01:44:48.648" level="INFO">Typing text '&lt;test&gt;' into text field '//*[@class="dc-input__field"]'.</msg>
<status status="PASS" starttime="20211217 01:44:48.647" endtime="20211217 01:44:48.745"/>
</kw>
<kw name="Element Should Be Disabled" library="SeleniumLibrary">
<arg>${create_token}</arg>
<doc>Verifies that element identified by ``locator`` is disabled.</doc>
<status status="PASS" starttime="20211217 01:44:48.746" endtime="20211217 01:44:48.757"/>
</kw>
<kw name="Press Keys" library="SeleniumLibrary">
<arg>${token_name_input}</arg>
<arg>CTRL+a+BACKSPACE</arg>
<doc>Simulates the user pressing key(s) to an element or on the active browser.</doc>
<msg timestamp="20211217 01:44:48.758" level="INFO">Sending key(s) ('CTRL+a+BACKSPACE',) to //*[@class="dc-input__field"] element.</msg>
<msg timestamp="20211217 01:44:49.038" level="INFO">Pressing special key CONTROL down.</msg>
<msg timestamp="20211217 01:44:49.038" level="INFO">Sending key a</msg>
<msg timestamp="20211217 01:44:49.038" level="INFO">Pressing special key BACKSPACE down.</msg>
<msg timestamp="20211217 01:44:49.038" level="INFO">Releasing special key CONTROL.</msg>
<msg timestamp="20211217 01:44:49.038" level="INFO">Releasing special key BACKSPACE.</msg>
<status status="PASS" starttime="20211217 01:44:48.758" endtime="20211217 01:44:49.063"/>
</kw>
<status status="PASS" starttime="20211217 01:44:48.605" endtime="20211217 01:44:49.063"/>
</kw>
<status status="PASS" starttime="20211217 01:44:48.604" endtime="20211217 01:44:49.064"/>
</test>
<test id="s1-t4" name="TC03">
<kw name="1 Character">
<kw name="Wait Until Element Is Visible" library="SeleniumLibrary">
<arg>${token_name_input}</arg>
<doc>Waits until the element ``locator`` is visible.</doc>
<status status="PASS" starttime="20211217 01:44:49.066" endtime="20211217 01:44:49.091"/>
</kw>
<kw name="Input Text" library="SeleniumLibrary">
<arg>${token_name_input}</arg>
<arg>a</arg>
<doc>Types the given ``text`` into the text field identified by ``locator``.</doc>
<msg timestamp="20211217 01:44:49.092" level="INFO">Typing text 'a' into text field '//*[@class="dc-input__field"]'.</msg>
<status status="PASS" starttime="20211217 01:44:49.091" endtime="20211217 01:44:49.138"/>
</kw>
<kw name="Click Element" library="SeleniumLibrary">
<arg>${read_scope}</arg>
<doc>Click the element identified by ``locator``.</doc>
<msg timestamp="20211217 01:44:49.138" level="INFO">Clicking element '//*[text()="View account activity such as settings, limits, balance sheets, trade purchase history, and more."]'.</msg>
<status status="PASS" starttime="20211217 01:44:49.138" endtime="20211217 01:44:49.175"/>
</kw>
<kw name="Element Should Be Disabled" library="SeleniumLibrary">
<arg>${create_token}</arg>
<doc>Verifies that element identified by ``locator`` is disabled.</doc>
<status status="PASS" starttime="20211217 01:44:49.175" endtime="20211217 01:44:49.183"/>
</kw>
<kw name="Press Keys" library="SeleniumLibrary">
<arg>${token_name_input}</arg>
<arg>CTRL+a+BACKSPACE</arg>
<doc>Simulates the user pressing key(s) to an element or on the active browser.</doc>
<msg timestamp="20211217 01:44:49.184" level="INFO">Sending key(s) ('CTRL+a+BACKSPACE',) to //*[@class="dc-input__field"] element.</msg>
<msg timestamp="20211217 01:44:49.467" level="INFO">Pressing special key CONTROL down.</msg>
<msg timestamp="20211217 01:44:49.468" level="INFO">Sending key a</msg>
<msg timestamp="20211217 01:44:49.468" level="INFO">Pressing special key BACKSPACE down.</msg>
<msg timestamp="20211217 01:44:49.468" level="INFO">Releasing special key CONTROL.</msg>
<msg timestamp="20211217 01:44:49.468" level="INFO">Releasing special key BACKSPACE.</msg>
<status status="PASS" starttime="20211217 01:44:49.184" endtime="20211217 01:44:49.485"/>
</kw>
<status status="PASS" starttime="20211217 01:44:49.065" endtime="20211217 01:44:49.485"/>
</kw>
<status status="PASS" starttime="20211217 01:44:49.064" endtime="20211217 01:44:49.485"/>
</test>
<test id="s1-t5" name="TC04">
<kw name="33 Characters">
<kw name="Wait Until Element Is Visible" library="SeleniumLibrary">
<arg>${token_name_input}</arg>
<doc>Waits until the element ``locator`` is visible.</doc>
<status status="PASS" starttime="20211217 01:44:49.486" endtime="20211217 01:44:49.502"/>
</kw>
<kw name="Input Text" library="SeleniumLibrary">
<arg>${token_name_input}</arg>
<arg>this is a test to see if using 33</arg>
<doc>Types the given ``text`` into the text field identified by ``locator``.</doc>
<msg timestamp="20211217 01:44:49.503" level="INFO">Typing text 'this is a test to see if using 33' into text field '//*[@class="dc-input__field"]'.</msg>
<status status="PASS" starttime="20211217 01:44:49.503" endtime="20211217 01:44:49.753"/>
</kw>
<kw name="Click Element" library="SeleniumLibrary">
<arg>${read_scope}</arg>
<doc>Click the element identified by ``locator``.</doc>
<msg timestamp="20211217 01:44:49.753" level="INFO">Clicking element '//*[text()="View account activity such as settings, limits, balance sheets, trade purchase history, and more."]'.</msg>
<status status="PASS" starttime="20211217 01:44:49.753" endtime="20211217 01:44:49.789"/>
</kw>
<kw name="Element Should Be Disabled" library="SeleniumLibrary">
<arg>${create_token}</arg>
<doc>Verifies that element identified by ``locator`` is disabled.</doc>
<status status="PASS" starttime="20211217 01:44:49.789" endtime="20211217 01:44:49.802"/>
</kw>
<kw name="Press Keys" library="SeleniumLibrary">
<arg>${token_name_input}</arg>
<arg>CTRL+a+BACKSPACE</arg>
<doc>Simulates the user pressing key(s) to an element or on the active browser.</doc>
<msg timestamp="20211217 01:44:49.802" level="INFO">Sending key(s) ('CTRL+a+BACKSPACE',) to //*[@class="dc-input__field"] element.</msg>
<msg timestamp="20211217 01:44:50.086" level="INFO">Pressing special key CONTROL down.</msg>
<msg timestamp="20211217 01:44:50.087" level="INFO">Sending key a</msg>
<msg timestamp="20211217 01:44:50.087" level="INFO">Pressing special key BACKSPACE down.</msg>
<msg timestamp="20211217 01:44:50.087" level="INFO">Releasing special key CONTROL.</msg>
<msg timestamp="20211217 01:44:50.087" level="INFO">Releasing special key BACKSPACE.</msg>
<status status="PASS" starttime="20211217 01:44:49.802" endtime="20211217 01:44:50.123"/>
</kw>
<status status="PASS" starttime="20211217 01:44:49.486" endtime="20211217 01:44:50.124"/>
</kw>
<status status="PASS" starttime="20211217 01:44:49.485" endtime="20211217 01:44:50.124"/>
</test>
<test id="s1-t6" name="TC05 Read">
<kw name="Read Scope">
<kw name="Click Element" library="SeleniumLibrary">
<arg>${read_scope}</arg>
<doc>Click the element identified by ``locator``.</doc>
<msg timestamp="20211217 01:44:50.129" level="INFO">Clicking element '//*[text()="View account activity such as settings, limits, balance sheets, trade purchase history, and more."]'.</msg>
<status status="PASS" starttime="20211217 01:44:50.128" endtime="20211217 01:44:50.207"/>
</kw>
<kw name="Input Text" library="SeleniumLibrary">
<arg>${token_name_input}</arg>
<arg>Read</arg>
<doc>Types the given ``text`` into the text field identified by ``locator``.</doc>
<msg timestamp="20211217 01:44:50.209" level="INFO">Typing text 'Read' into text field '//*[@class="dc-input__field"]'.</msg>
<status status="PASS" starttime="20211217 01:44:50.208" endtime="20211217 01:44:50.283"/>
</kw>
<kw name="Element Should Be Enabled" library="SeleniumLibrary">
<arg>${create_token}</arg>
<doc>Verifies that element identified by ``locator`` is enabled.</doc>
<status status="PASS" starttime="20211217 01:44:50.284" endtime="20211217 01:44:50.308"/>
</kw>
<kw name="Click Element" library="SeleniumLibrary">
<arg>${create_token}</arg>
<doc>Click the element identified by ``locator``.</doc>
<msg timestamp="20211217 01:44:50.309" level="INFO">Clicking element '//*[@class="dc-btn dc-btn__effect dc-btn--primary dc-btn__large da-api-token__button"]'.</msg>
<status status="PASS" starttime="20211217 01:44:50.308" endtime="20211217 01:44:50.377"/>
</kw>
<kw name="Element Should Be Disabled" library="SeleniumLibrary">
<arg>${create_token}</arg>
<doc>Verifies that element identified by ``locator`` is disabled.</doc>
<status status="PASS" starttime="20211217 01:44:50.377" endtime="20211217 01:44:50.400"/>
</kw>
<kw name="Wait Until Page Does Not Contain Element" library="SeleniumLibrary">
<arg>${create_success}</arg>
<arg>60</arg>
<doc>Waits until the element ``locator`` disappears from the current page.</doc>
<status status="PASS" starttime="20211217 01:44:50.400" endtime="20211217 01:44:50.416"/>
</kw>
<kw name="Set Browser Implicit Wait" library="SeleniumLibrary">
<arg>30</arg>
<doc>Sets the implicit wait value used by Selenium.</doc>
<status status="PASS" starttime="20211217 01:44:50.416" endtime="20211217 01:44:50.417"/>
</kw>
<status status="PASS" starttime="20211217 01:44:50.127" endtime="20211217 01:44:50.417"/>
</kw>
<status status="PASS" starttime="20211217 01:44:50.126" endtime="20211217 01:44:50.417"/>
</test>
<test id="s1-t7" name="TC06 Delete Token">
<kw name="Delete Token">
<kw name="Wait Until Element Is Visible" library="SeleniumLibrary">
<arg>${del_btn}</arg>
<doc>Waits until the element ``locator`` is visible.</doc>
<status status="PASS" starttime="20211217 01:44:50.418" endtime="20211217 01:44:50.792"/>
</kw>
<kw name="Click Element" library="SeleniumLibrary">
<arg>${del_btn}</arg>
<doc>Click the element identified by ``locator``.</doc>
<msg timestamp="20211217 01:44:50.792" level="INFO">Clicking element '//*[@class="dc-btn dc-btn--secondary dc-btn__small"]'.</msg>
<status status="PASS" starttime="20211217 01:44:50.792" endtime="20211217 01:44:50.838"/>
</kw>
<kw name="Wait Until Element Is Visible" library="SeleniumLibrary">
<arg>${yes/no}</arg>
<doc>Waits until the element ``locator`` is visible.</doc>
<status status="PASS" starttime="20211217 01:44:50.838" endtime="20211217 01:44:50.860"/>
</kw>
<kw name="Click Element" library="SeleniumLibrary">
<arg>${yes_btn}</arg>
<doc>Click the element identified by ``locator``.</doc>
<msg timestamp="20211217 01:44:50.860" level="INFO">Clicking element '//*[@id="app_contents"]/div/div/div/div/div[2]/div/div[2]/div/section/div/div/form/div/div[3]/div[2]/div/div/table/tbody/tr/td[5]/div/button[2]'.</msg>
<status status="PASS" starttime="20211217 01:44:50.860" endtime="20211217 01:44:50.910"/>
</kw>
<status status="PASS" starttime="20211217 01:44:50.418" endtime="20211217 01:44:50.910"/>
</kw>
<status status="PASS" starttime="20211217 01:44:50.418" endtime="20211217 01:44:50.911"/>
</test>
<test id="s1-t8" name="TC05 Trade">
<kw name="Trade Scope">
<kw name="Wait Until Page Does Not Contain Element" library="SeleniumLibrary">
<arg>${create_success}</arg>
<arg>60</arg>
<doc>Waits until the element ``locator`` disappears from the current page.</doc>
<status status="PASS" starttime="20211217 01:44:50.912" endtime="20211217 01:45:21.378"/>
</kw>
<kw name="Click Element" library="SeleniumLibrary">
<arg>${trade_scope}</arg>
<doc>Click the element identified by ``locator``.</doc>
<msg timestamp="20211217 01:45:21.379" level="INFO">Clicking element '//*[text()="Buy and sell contracts, renew expired purchases, and top up demo accounts."]'.</msg>
<status status="PASS" starttime="20211217 01:45:21.378" endtime="20211217 01:45:21.448"/>
</kw>
<kw name="Input Text" library="SeleniumLibrary">
<arg>${token_name_input}</arg>
<arg>Trade</arg>
<doc>Types the given ``text`` into the text field identified by ``locator``.</doc>
<msg timestamp="20211217 01:45:21.449" level="INFO">Typing text 'Trade' into text field '//*[@class="dc-input__field"]'.</msg>
<status status="PASS" starttime="20211217 01:45:21.448" endtime="20211217 01:45:21.537"/>
</kw>
<kw name="Element Should Be Enabled" library="SeleniumLibrary">
<arg>${create_token}</arg>
<doc>Verifies that element identified by ``locator`` is enabled.</doc>
<status status="PASS" starttime="20211217 01:45:21.537" endtime="20211217 01:45:21.564"/>
</kw>
<kw name="Click Element" library="SeleniumLibrary">
<arg>${create_token}</arg>
<doc>Click the element identified by ``locator``.</doc>
<msg timestamp="20211217 01:45:21.564" level="INFO">Clicking element '//*[@class="dc-btn dc-btn__effect dc-btn--primary dc-btn__large da-api-token__button"]'.</msg>
<status status="PASS" starttime="20211217 01:45:21.564" endtime="20211217 01:45:21.611"/>
</kw>
<kw name="Element Should Be Disabled" library="SeleniumLibrary">
<arg>${create_token}</arg>
<doc>Verifies that element identified by ``locator`` is disabled.</doc>
<status status="PASS" starttime="20211217 01:45:21.611" endtime="20211217 01:45:21.624"/>
</kw>
<kw name="Wait Until Page Does Not Contain Element" library="SeleniumLibrary">
<arg>${create_success}</arg>
<arg>60</arg>
<doc>Waits until the element ``locator`` disappears from the current page.</doc>
<status status="PASS" starttime="20211217 01:45:21.624" endtime="20211217 01:45:52.654"/>
</kw>
<kw name="Set Browser Implicit Wait" library="SeleniumLibrary">
<arg>30</arg>
<doc>Sets the implicit wait value used by Selenium.</doc>
<status status="PASS" starttime="20211217 01:45:52.655" endtime="20211217 01:45:52.656"/>
</kw>
<status status="PASS" starttime="20211217 01:44:50.912" endtime="20211217 01:45:52.656"/>
</kw>
<status status="PASS" starttime="20211217 01:44:50.911" endtime="20211217 01:45:52.656"/>
</test>
<test id="s1-t9" name="TC07 Copy Token">
<kw name="Copy Token">
<kw name="Wait Until Element Is Visible" library="SeleniumLibrary">
<arg>${copy_icon}</arg>
<doc>Waits until the element ``locator`` is visible.</doc>
<status status="PASS" starttime="20211217 01:45:52.658" endtime="20211217 01:45:52.678"/>
</kw>
<kw name="Click Element" library="SeleniumLibrary">
<arg>${copy_icon}</arg>
<doc>Click the element identified by ``locator``.</doc>
<msg timestamp="20211217 01:45:52.678" level="INFO">Clicking element '//*[@class="dc-icon dc-clipboard da-api-token__clipboard"]'.</msg>
<status status="PASS" starttime="20211217 01:45:52.678" endtime="20211217 01:45:52.729"/>
</kw>
<kw name="Wait Until Element Is Visible" library="SeleniumLibrary">
<arg>${token_copied}</arg>
<doc>Waits until the element ``locator`` is visible.</doc>
<status status="PASS" starttime="20211217 01:45:52.729" endtime="20211217 01:45:52.750"/>
</kw>
<status status="PASS" starttime="20211217 01:45:52.657" endtime="20211217 01:45:52.750"/>
</kw>
<status status="PASS" starttime="20211217 01:45:52.657" endtime="20211217 01:45:52.750"/>
</test>
<test id="s1-t10" name="TC05 Payments">
<kw name="Payments Scope">
<kw name="Click Element" library="SeleniumLibrary">
<arg>${payments_scope}</arg>
<doc>Click the element identified by ``locator``.</doc>
<msg timestamp="20211217 01:45:52.751" level="INFO">Clicking element '//*[text()="Withdraw to payment agents, and transfer funds between accounts."]'.</msg>
<status status="PASS" starttime="20211217 01:45:52.751" endtime="20211217 01:45:52.803"/>
</kw>
<kw name="Input Text" library="SeleniumLibrary">
<arg>${token_name_input}</arg>
<arg>Payments</arg>
<doc>Types the given ``text`` into the text field identified by ``locator``.</doc>
<msg timestamp="20211217 01:45:52.804" level="INFO">Typing text 'Payments' into text field '//*[@class="dc-input__field"]'.</msg>
<status status="PASS" starttime="20211217 01:45:52.803" endtime="20211217 01:45:53.068"/>
</kw>
<kw name="Element Should Be Enabled" library="SeleniumLibrary">
<arg>${create_token}</arg>
<doc>Verifies that element identified by ``locator`` is enabled.</doc>
<status status="PASS" starttime="20211217 01:45:53.068" endtime="20211217 01:45:53.148"/>
</kw>
<kw name="Click Element" library="SeleniumLibrary">
<arg>${create_token}</arg>
<doc>Click the element identified by ``locator``.</doc>
<msg timestamp="20211217 01:45:53.148" level="INFO">Clicking element '//*[@class="dc-btn dc-btn__effect dc-btn--primary dc-btn__large da-api-token__button"]'.</msg>
<status status="PASS" starttime="20211217 01:45:53.148" endtime="20211217 01:45:53.224"/>
</kw>
<kw name="Element Should Be Disabled" library="SeleniumLibrary">
<arg>${create_token}</arg>
<doc>Verifies that element identified by ``locator`` is disabled.</doc>
<status status="PASS" starttime="20211217 01:45:53.225" endtime="20211217 01:45:53.255"/>
</kw>
<kw name="Wait Until Page Does Not Contain Element" library="SeleniumLibrary">
<arg>${create_success}</arg>
<arg>60</arg>
<doc>Waits until the element ``locator`` disappears from the current page.</doc>
<status status="PASS" starttime="20211217 01:45:53.255" endtime="20211217 01:46:24.237"/>
</kw>
<kw name="Set Browser Implicit Wait" library="SeleniumLibrary">
<arg>30</arg>
<doc>Sets the implicit wait value used by Selenium.</doc>
<status status="PASS" starttime="20211217 01:46:24.237" endtime="20211217 01:46:24.239"/>
</kw>
<status status="PASS" starttime="20211217 01:45:52.751" endtime="20211217 01:46:24.239"/>
</kw>
<status status="PASS" starttime="20211217 01:45:52.750" endtime="20211217 01:46:24.239"/>
</test>
<test id="s1-t11" name="TC05 Admin">
<kw name="Admin Scope">
<kw name="Click Element" library="SeleniumLibrary">
<arg>${admin_scope}</arg>
<doc>Click the element identified by ``locator``.</doc>
<msg timestamp="20211217 01:46:24.242" level="INFO">Clicking element '//*[text()="Open accounts, manage settings, manage token usage, and more."]'.</msg>
<status status="PASS" starttime="20211217 01:46:24.241" endtime="20211217 01:46:24.294"/>
</kw>
<kw name="Input Text" library="SeleniumLibrary">
<arg>${token_name_input}</arg>
<arg>Admin</arg>
<doc>Types the given ``text`` into the text field identified by ``locator``.</doc>
<msg timestamp="20211217 01:46:24.295" level="INFO">Typing text 'Admin' into text field '//*[@class="dc-input__field"]'.</msg>
<status status="PASS" starttime="20211217 01:46:24.295" endtime="20211217 01:46:24.387"/>
</kw>
<kw name="Element Should Be Enabled" library="SeleniumLibrary">
<arg>${create_token}</arg>
<doc>Verifies that element identified by ``locator`` is enabled.</doc>
<status status="PASS" starttime="20211217 01:46:24.387" endtime="20211217 01:46:24.413"/>
</kw>
<kw name="Click Element" library="SeleniumLibrary">
<arg>${create_token}</arg>
<doc>Click the element identified by ``locator``.</doc>
<msg timestamp="20211217 01:46:24.414" level="INFO">Clicking element '//*[@class="dc-btn dc-btn__effect dc-btn--primary dc-btn__large da-api-token__button"]'.</msg>
<status status="PASS" starttime="20211217 01:46:24.414" endtime="20211217 01:46:24.460"/>
</kw>
<kw name="Element Should Be Disabled" library="SeleniumLibrary">
<arg>${create_token}</arg>
<doc>Verifies that element identified by ``locator`` is disabled.</doc>
<status status="PASS" starttime="20211217 01:46:24.460" endtime="20211217 01:46:24.468"/>
</kw>
<kw name="Wait Until Page Does Not Contain Element" library="SeleniumLibrary">
<arg>${create_success}</arg>
<arg>60</arg>
<doc>Waits until the element ``locator`` disappears from the current page.</doc>
<status status="PASS" starttime="20211217 01:46:24.468" endtime="20211217 01:46:55.491"/>
</kw>
<kw name="Set Browser Implicit Wait" library="SeleniumLibrary">
<arg>30</arg>
<doc>Sets the implicit wait value used by Selenium.</doc>
<status status="PASS" starttime="20211217 01:46:55.491" endtime="20211217 01:46:55.493"/>
</kw>
<status status="PASS" starttime="20211217 01:46:24.241" endtime="20211217 01:46:55.493"/>
</kw>
<status status="PASS" starttime="20211217 01:46:24.240" endtime="20211217 01:46:55.494"/>
</test>
<test id="s1-t12" name="TC05 Trading Info">
<kw name="Trading Info Scope">
<kw name="Click Element" library="SeleniumLibrary">
<arg>${trading_info_scope}</arg>
<doc>Click the element identified by ``locator``.</doc>
<msg timestamp="20211217 01:46:55.496" level="INFO">Clicking element '//*[text()="View the trading history."]'.</msg>
<status status="PASS" starttime="20211217 01:46:55.495" endtime="20211217 01:46:55.556"/>
</kw>
<kw name="Input Text" library="SeleniumLibrary">
<arg>${token_name_input}</arg>
<arg>Trading Info</arg>
<doc>Types the given ``text`` into the text field identified by ``locator``.</doc>
<msg timestamp="20211217 01:46:55.557" level="INFO">Typing text 'Trading Info' into text field '//*[@class="dc-input__field"]'.</msg>
<status status="PASS" starttime="20211217 01:46:55.556" endtime="20211217 01:46:55.689"/>
</kw>
<kw name="Element Should Be Enabled" library="SeleniumLibrary">
<arg>${create_token}</arg>
<doc>Verifies that element identified by ``locator`` is enabled.</doc>
<status status="PASS" starttime="20211217 01:46:55.689" endtime="20211217 01:46:55.716"/>
</kw>
<kw name="Click Element" library="SeleniumLibrary">
<arg>${create_token}</arg>
<doc>Click the element identified by ``locator``.</doc>
<msg timestamp="20211217 01:46:55.716" level="INFO">Clicking element '//*[@class="dc-btn dc-btn__effect dc-btn--primary dc-btn__large da-api-token__button"]'.</msg>
<status status="PASS" starttime="20211217 01:46:55.716" endtime="20211217 01:46:55.789"/>
</kw>
<kw name="Element Should Be Disabled" library="SeleniumLibrary">
<arg>${create_token}</arg>
<doc>Verifies that element identified by ``locator`` is disabled.</doc>
<status status="PASS" starttime="20211217 01:46:55.789" endtime="20211217 01:46:55.807"/>
</kw>
<kw name="Wait Until Page Does Not Contain Element" library="SeleniumLibrary">
<arg>${create_success}</arg>
<arg>60</arg>
<doc>Waits until the element ``locator`` disappears from the current page.</doc>
<status status="PASS" starttime="20211217 01:46:55.807" endtime="20211217 01:47:26.741"/>
</kw>
<kw name="Set Browser Implicit Wait" library="SeleniumLibrary">
<arg>30</arg>
<doc>Sets the implicit wait value used by Selenium.</doc>
<status status="PASS" starttime="20211217 01:47:26.741" endtime="20211217 01:47:26.743"/>
</kw>
<status status="PASS" starttime="20211217 01:46:55.495" endtime="20211217 01:47:26.743"/>
</kw>
<status status="PASS" starttime="20211217 01:46:55.494" endtime="20211217 01:47:26.743"/>
</test>
<test id="s1-t13" name="TC08 Multiple Scopes">
<kw name="Multi Scope">
<kw name="Click Element" library="SeleniumLibrary">
<arg>${read_scope}</arg>
<doc>Click the element identified by ``locator``.</doc>
<msg timestamp="20211217 01:47:26.746" level="INFO">Clicking element '//*[text()="View account activity such as settings, limits, balance sheets, trade purchase history, and more."]'.</msg>
<status status="PASS" starttime="20211217 01:47:26.745" endtime="20211217 01:47:26.823"/>
</kw>
<kw name="Click Element" library="SeleniumLibrary">
<arg>${admin_scope}</arg>
<doc>Click the element identified by ``locator``.</doc>
<msg timestamp="20211217 01:47:26.824" level="INFO">Clicking element '//*[text()="Open accounts, manage settings, manage token usage, and more."]'.</msg>
<status status="PASS" starttime="20211217 01:47:26.823" endtime="20211217 01:47:26.864"/>
</kw>
<kw name="Input Text" library="SeleniumLibrary">
<arg>${token_name_input}</arg>
<arg>Multi Scope</arg>
<doc>Types the given ``text`` into the text field identified by ``locator``.</doc>
<msg timestamp="20211217 01:47:26.864" level="INFO">Typing text 'Multi Scope' into text field '//*[@class="dc-input__field"]'.</msg>
<status status="PASS" starttime="20211217 01:47:26.864" endtime="20211217 01:47:26.999"/>
</kw>
<kw name="Element Should Be Enabled" library="SeleniumLibrary">
<arg>${create_token}</arg>
<doc>Verifies that element identified by ``locator`` is enabled.</doc>
<status status="PASS" starttime="20211217 01:47:26.999" endtime="20211217 01:47:27.025"/>
</kw>
<kw name="Click Element" library="SeleniumLibrary">
<arg>${create_token}</arg>
<doc>Click the element identified by ``locator``.</doc>
<msg timestamp="20211217 01:47:27.026" level="INFO">Clicking element '//*[@class="dc-btn dc-btn__effect dc-btn--primary dc-btn__large da-api-token__button"]'.</msg>
<status status="PASS" starttime="20211217 01:47:27.025" endtime="20211217 01:47:27.080"/>
</kw>
<kw name="Element Should Be Disabled" library="SeleniumLibrary">
<arg>${create_token}</arg>
<doc>Verifies that element identified by ``locator`` is disabled.</doc>
<status status="PASS" starttime="20211217 01:47:27.080" endtime="20211217 01:47:27.092"/>
</kw>
<kw name="Wait Until Page Does Not Contain Element" library="SeleniumLibrary">
<arg>${create_success}</arg>
<arg>60</arg>
<doc>Waits until the element ``locator`` disappears from the current page.</doc>
<status status="PASS" starttime="20211217 01:47:27.093" endtime="20211217 01:47:58.017"/>
</kw>
<kw name="Set Browser Implicit Wait" library="SeleniumLibrary">
<arg>30</arg>
<doc>Sets the implicit wait value used by Selenium.</doc>
<status status="PASS" starttime="20211217 01:47:58.017" endtime="20211217 01:47:58.019"/>
</kw>
<status status="PASS" starttime="20211217 01:47:26.745" endtime="20211217 01:47:58.019"/>
</kw>
<status status="PASS" starttime="20211217 01:47:26.744" endtime="20211217 01:47:58.019"/>
</test>
<status status="PASS" starttime="20211217 01:44:12.300" endtime="20211217 01:47:58.021"/>
</suite>
<statistics>
<total>
<stat pass="13" fail="0" skip="0">All Tests</stat>
</total>
<tag>
</tag>
<suite>
<stat pass="13" fail="0" skip="0" id="s1" name="API token">API token</stat>
</suite>
</statistics>
<errors>
</errors>
</robot>
