<?xml version="1.0" encoding="UTF-8"?>
<robot generator="Robot 4.1.3 (Python 3.8.10 on linux)" generated="20211217 01:57:41.474" rpa="false" schemaversion="2">
<suite id="s1" name="DTrader app" source="/home/haziqah/PycharmProjects/pythonProject/robot-framework-test/DTrader_app.robot">
<test id="s1-t1" name="Open Virtual Account">
<kw name="Login">
<kw name="Open Browser" library="SeleniumLibrary">
<arg>url=https://app.deriv.com</arg>
<arg>browser=chrome</arg>
<doc>Opens a new browser instance to the optional ``url``.</doc>
<msg timestamp="20211217 01:57:41.574" level="INFO">Opening browser 'chrome' to base url 'https://app.deriv.com'.</msg>
<status status="PASS" starttime="20211217 01:57:41.574" endtime="20211217 01:57:48.058"/>
</kw>
<kw name="Maximize Browser Window" library="SeleniumLibrary">
<doc>Maximizes current browser window.</doc>
<status status="PASS" starttime="20211217 01:57:48.059" endtime="20211217 01:57:48.172"/>
</kw>
<kw name="Wait Until Page Does Not Contain Element" library="SeleniumLibrary">
<arg>dt_core_header_acc-info-preloader</arg>
<arg>60</arg>
<doc>Waits until the element ``locator`` disappears from the current page.</doc>
<status status="PASS" starttime="20211217 01:57:48.173" endtime="20211217 01:57:49.915"/>
</kw>
<kw name="Wait Until Page Contains Element" library="SeleniumLibrary">
<arg>${login_btn}</arg>
<arg>60</arg>
<doc>Waits until the element ``locator`` appears on the current page.</doc>
<status status="PASS" starttime="20211217 01:57:49.915" endtime="20211217 01:57:49.944"/>
</kw>
<kw name="Click Element" library="SeleniumLibrary">
<arg>${login_btn}</arg>
<doc>Click the element identified by ``locator``.</doc>
<msg timestamp="20211217 01:57:49.945" level="INFO">Clicking element 'dt_login_button'.</msg>
<status status="PASS" starttime="20211217 01:57:49.944" endtime="20211217 01:57:49.996"/>
</kw>
<kw name="Wait Until Page Contains Element" library="SeleniumLibrary">
<arg>${email_field}</arg>
<arg>30</arg>
<doc>Waits until the element ``locator`` appears on the current page.</doc>
<status status="PASS" starttime="20211217 01:57:49.997" endtime="20211217 01:57:53.087"/>
</kw>
<kw name="Input Text" library="SeleniumLibrary">
<arg>${email_field}</arg>
<arg>${my_email}</arg>
<doc>Types the given ``text`` into the text field identified by ``locator``.</doc>
<msg timestamp="20211217 01:57:53.088" level="INFO">Typing text 'haziqah+4@besquare.com.my' into text field 'name=email'.</msg>
<status status="PASS" starttime="20211217 01:57:53.088" endtime="20211217 01:57:53.149"/>
</kw>
<kw name="Input Text" library="SeleniumLibrary">
<arg>${pw_field}</arg>
<arg>${my_pw}</arg>
<doc>Types the given ``text`` into the text field identified by ``locator``.</doc>
<msg timestamp="20211217 01:57:53.149" level="INFO">Typing text 'ABCdef123' into text field '//*[@type="password"]'.</msg>
<status status="PASS" starttime="20211217 01:57:53.149" endtime="20211217 01:57:53.207"/>
</kw>
<kw name="Click Element" library="SeleniumLibrary">
<arg>${login_oauth_btn}</arg>
<doc>Click the element identified by ``locator``.</doc>
<msg timestamp="20211217 01:57:53.207" level="INFO">Clicking element '//*[text()="Log in"]'.</msg>
<status status="PASS" starttime="20211217 01:57:53.207" endtime="20211217 01:57:55.656"/>
</kw>
<status status="PASS" starttime="20211217 01:57:41.574" endtime="20211217 01:57:55.656"/>
</kw>
<kw name="Then Virtual Account">
<kw name="Wait Until Page Does Not Contain Element" library="SeleniumLibrary">
<arg>dt_core_header_acc-info-preloader</arg>
<arg>60</arg>
<doc>Waits until the element ``locator`` disappears from the current page.</doc>
<status status="PASS" starttime="20211217 01:57:55.657" endtime="20211217 01:57:59.053"/>
</kw>
<kw name="Wait Until Page Contains Element" library="SeleniumLibrary">
<arg>${acc_info}</arg>
<arg>120</arg>
<doc>Waits until the element ``locator`` appears on the current page.</doc>
<status status="PASS" starttime="20211217 01:57:59.053" endtime="20211217 01:57:59.072"/>
</kw>
<kw name="Wait Until Element Is Enabled" library="SeleniumLibrary">
<arg>${acc_info}</arg>
<arg>60</arg>
<doc>Waits until the element ``locator`` is enabled.</doc>
<status status="PASS" starttime="20211217 01:57:59.073" endtime="20211217 01:57:59.102"/>
</kw>
<kw name="Click Element" library="SeleniumLibrary">
<arg>${acc_info}</arg>
<doc>Click the element identified by ``locator``.</doc>
<msg timestamp="20211217 01:57:59.102" level="INFO">Clicking element '//*[@class="acc-info__wrapper"]'.</msg>
<status status="PASS" starttime="20211217 01:57:59.102" endtime="20211217 01:57:59.215"/>
</kw>
<kw name="Wait Until Element Is Enabled" library="SeleniumLibrary">
<arg>${demo_tab}</arg>
<arg>60</arg>
<doc>Waits until the element ``locator`` is enabled.</doc>
<status status="PASS" starttime="20211217 01:57:59.215" endtime="20211217 01:57:59.719"/>
</kw>
<kw name="Click Element" library="SeleniumLibrary">
<arg>${demo_tab}</arg>
<doc>Click the element identified by ``locator``.</doc>
<msg timestamp="20211217 01:57:59.720" level="INFO">Clicking element '//*[text()="Demo" and @id="dt_core_account-switcher_demo-tab"]'.</msg>
<status status="PASS" starttime="20211217 01:57:59.720" endtime="20211217 01:57:59.933"/>
</kw>
<kw name="Wait Until Element Is Enabled" library="SeleniumLibrary">
<arg>${demo_acc}</arg>
<arg>60</arg>
<doc>Waits until the element ``locator`` is enabled.</doc>
<status status="PASS" starttime="20211217 01:57:59.934" endtime="20211217 01:57:59.989"/>
</kw>
<kw name="Click Element" library="SeleniumLibrary">
<arg>${demo_acc}</arg>
<doc>Click the element identified by ``locator``.</doc>
<msg timestamp="20211217 01:57:59.990" level="INFO">Clicking element '//*[@class="acc-switcher__account"]'.</msg>
<status status="PASS" starttime="20211217 01:57:59.989" endtime="20211217 01:58:00.156"/>
</kw>
<kw name="Set Browser Implicit Wait" library="SeleniumLibrary">
<arg>30</arg>
<doc>Sets the implicit wait value used by Selenium.</doc>
<status status="PASS" starttime="20211217 01:58:00.157" endtime="20211217 01:58:00.160"/>
</kw>
<status status="PASS" starttime="20211217 01:57:55.657" endtime="20211217 01:58:00.160"/>
</kw>
<status status="PASS" starttime="20211217 01:57:41.573" endtime="20211217 01:58:00.161"/>
</test>
<test id="s1-t2" name="Select Volatility 10">
<kw name="Then Select Vol10">
<kw name="Wait Until Page Does Not Contain Element" library="SeleniumLibrary">
<arg>${loading_icon}</arg>
<arg>300</arg>
<doc>Waits until the element ``locator`` disappears from the current page.</doc>
<status status="PASS" starttime="20211217 01:58:00.164" endtime="20211217 01:58:30.200"/>
</kw>
<kw name="Wait Until Page Contains Element" library="SeleniumLibrary">
<arg>${virtual_acc}</arg>
<arg>120</arg>
<doc>Waits until the element ``locator`` appears on the current page.</doc>
<status status="PASS" starttime="20211217 01:58:30.200" endtime="20211217 01:58:30.217"/>
</kw>
<kw name="Wait Until Page Contains Element" library="SeleniumLibrary">
<arg>${market_selection}</arg>
<arg>120</arg>
<doc>Waits until the element ``locator`` appears on the current page.</doc>
<status status="PASS" starttime="20211217 01:58:30.217" endtime="20211217 01:58:30.228"/>
</kw>
<kw name="Click Element" library="SeleniumLibrary">
<arg>${market_selection}</arg>
<doc>Click the element identified by ``locator``.</doc>
<msg timestamp="20211217 01:58:30.230" level="INFO">Clicking element '//*[@class="cq-symbol-select-btn"]'.</msg>
<status status="PASS" starttime="20211217 01:58:30.229" endtime="20211217 01:58:30.291"/>
</kw>
<kw name="Wait Until Page Contains Element" library="SeleniumLibrary">
<arg>${market_list}</arg>
<arg>120</arg>
<doc>Waits until the element ``locator`` appears on the current page.</doc>
<status status="PASS" starttime="20211217 01:58:30.291" endtime="20211217 01:58:30.301"/>
</kw>
<kw name="Wait Until Page Contains Element" library="SeleniumLibrary">
<arg>${Synthetic_indices}</arg>
<arg>120</arg>
<doc>Waits until the element ``locator`` appears on the current page.</doc>
<status status="PASS" starttime="20211217 01:58:30.301" endtime="20211217 01:58:30.310"/>
</kw>
<kw name="Wait Until Element Is Visible" library="SeleniumLibrary">
<arg>${volatility_10}</arg>
<arg>120</arg>
<doc>Waits until the element ``locator`` is visible.</doc>
<status status="PASS" starttime="20211217 01:58:30.311" endtime="20211217 01:58:30.816"/>
</kw>
<kw name="Wait Until Element Is Enabled" library="SeleniumLibrary">
<arg>${volatility_10}</arg>
<arg>120</arg>
<doc>Waits until the element ``locator`` is enabled.</doc>
<status status="PASS" starttime="20211217 01:58:30.816" endtime="20211217 01:58:30.857"/>
</kw>
<kw name="Click Element" library="SeleniumLibrary">
<arg>${volatility_10}</arg>
<doc>Click the element identified by ``locator``.</doc>
<msg timestamp="20211217 01:58:30.857" level="INFO">Clicking element '//*[@class="sc-mcd__item__name" and text()="Volatility 10 (1s) Index"]'.</msg>
<status status="PASS" starttime="20211217 01:58:30.857" endtime="20211217 01:58:30.978"/>
</kw>
<kw name="Wait Until Page Contains Element" library="SeleniumLibrary">
<arg>${vol10_chosen}</arg>
<arg>120</arg>
<doc>Waits until the element ``locator`` appears on the current page.</doc>
<status status="PASS" starttime="20211217 01:58:30.979" endtime="20211217 01:58:31.767"/>
</kw>
<kw name="Set Browser Implicit Wait" library="SeleniumLibrary">
<arg>30</arg>
<doc>Sets the implicit wait value used by Selenium.</doc>
<status status="PASS" starttime="20211217 01:58:31.767" endtime="20211217 01:58:31.768"/>
</kw>
<status status="PASS" starttime="20211217 01:58:00.164" endtime="20211217 01:58:31.768"/>
</kw>
<status status="PASS" starttime="20211217 01:58:00.162" endtime="20211217 01:58:31.769"/>
</test>
<test id="s1-t3" name="Buy Rise">
<kw name="Then Buy Rise">
<kw name="Wait Until Page Contains Element" library="SeleniumLibrary">
<arg>${Rise/Fall}</arg>
<doc>Waits until the element ``locator`` appears on the current page.</doc>
<status status="PASS" starttime="20211217 01:58:31.770" endtime="20211217 01:58:31.783"/>
</kw>
<kw name="Wait Until Page Contains Element" library="SeleniumLibrary">
<arg>${Ticks/Minute}</arg>
<doc>Waits until the element ``locator`` appears on the current page.</doc>
<status status="PASS" starttime="20211217 01:58:31.783" endtime="20211217 01:58:31.793"/>
</kw>
<kw name="Wait Until Page Does Not Contain Element" library="SeleniumLibrary">
<arg>${loading_icon}</arg>
<doc>Waits until the element ``locator`` disappears from the current page.</doc>
<status status="PASS" starttime="20211217 01:58:31.793" endtime="20211217 01:59:02.401"/>
</kw>
<kw name="Wait Until Element Is Enabled" library="SeleniumLibrary">
<arg>${Purchase_btn}</arg>
<doc>Waits until the element ``locator`` is enabled.</doc>
<status status="PASS" starttime="20211217 01:59:02.401" endtime="20211217 01:59:02.463"/>
</kw>
<kw name="Click Element" library="SeleniumLibrary">
<arg>${Purchase_btn}</arg>
<doc>Click the element identified by ``locator``.</doc>
<msg timestamp="20211217 01:59:02.463" level="INFO">Clicking element '//*[@id="dt_purchase_call_button"]'.</msg>
<status status="PASS" starttime="20211217 01:59:02.463" endtime="20211217 01:59:02.596"/>
</kw>
<kw name="Wait Until Page Contains Element" library="SeleniumLibrary">
<arg>${Recent_position}</arg>
<arg>120</arg>
<doc>Waits until the element ``locator`` appears on the current page.</doc>
<status status="PASS" starttime="20211217 01:59:02.597" endtime="20211217 01:59:02.638"/>
</kw>
<kw name="Set Browser Implicit Wait" library="SeleniumLibrary">
<arg>30</arg>
<doc>Sets the implicit wait value used by Selenium.</doc>
<status status="PASS" starttime="20211217 01:59:02.640" endtime="20211217 01:59:02.643"/>
</kw>
<status status="PASS" starttime="20211217 01:58:31.770" endtime="20211217 01:59:02.644"/>
</kw>
<status status="PASS" starttime="20211217 01:58:31.769" endtime="20211217 01:59:02.644"/>
</test>
<test id="s1-t4" name="Select AUD/USD">
<kw name="Then Select AUD/USD">
<kw name="Click Element" library="SeleniumLibrary">
<arg>${market_selection}</arg>
<doc>Click the element identified by ``locator``.</doc>
<msg timestamp="20211217 01:59:02.645" level="INFO">Clicking element '//*[@class="cq-symbol-select-btn"]'.</msg>
<status status="PASS" starttime="20211217 01:59:02.645" endtime="20211217 01:59:02.767"/>
</kw>
<kw name="Wait Until Page Contains Element" library="SeleniumLibrary">
<arg>${Synthetic_indices}</arg>
<arg>120</arg>
<doc>Waits until the element ``locator`` appears on the current page.</doc>
<status status="PASS" starttime="20211217 01:59:02.767" endtime="20211217 01:59:02.790"/>
</kw>
<kw name="Wait Until Element Is Visible" library="SeleniumLibrary">
<arg>${volatility_10}</arg>
<arg>120</arg>
<doc>Waits until the element ``locator`` is visible.</doc>
<status status="PASS" starttime="20211217 01:59:02.791" endtime="20211217 01:59:03.541"/>
</kw>
<kw name="Click Element" library="SeleniumLibrary">
<arg>${Forex}</arg>
<doc>Click the element identified by ``locator``.</doc>
<msg timestamp="20211217 01:59:03.542" level="INFO">Clicking element '//*[@class="sc-mcd__filter__item " and text()="Forex"]'.</msg>
<status status="PASS" starttime="20211217 01:59:03.541" endtime="20211217 01:59:03.741"/>
</kw>
<kw name="Wait Until Element Is Visible" library="SeleniumLibrary">
<arg>${AUD/USD}</arg>
<doc>Waits until the element ``locator`` is visible.</doc>
<status status="PASS" starttime="20211217 01:59:03.742" endtime="20211217 01:59:03.768"/>
</kw>
<kw name="Click Element" library="SeleniumLibrary">
<arg>${AUD/USD}</arg>
<doc>Click the element identified by ``locator``.</doc>
<msg timestamp="20211217 01:59:03.770" level="INFO">Clicking element '//*[@class="sc-mcd__item__name" and text()="AUD/USD"]'.</msg>
<status status="PASS" starttime="20211217 01:59:03.769" endtime="20211217 01:59:03.912"/>
</kw>
<kw name="Set Browser Implicit Wait" library="SeleniumLibrary">
<arg>30</arg>
<doc>Sets the implicit wait value used by Selenium.</doc>
<status status="PASS" starttime="20211217 01:59:03.912" endtime="20211217 01:59:03.914"/>
</kw>
<status status="PASS" starttime="20211217 01:59:02.645" endtime="20211217 01:59:03.915"/>
</kw>
<status status="PASS" starttime="20211217 01:59:02.644" endtime="20211217 01:59:03.915"/>
</test>
<test id="s1-t5" name="Lower">
<kw name="Then Higher/Lower Contract">
<kw name="Wait Until Element Is Visible" library="SeleniumLibrary">
<arg>${Contract_dropdown}</arg>
<doc>Waits until the element ``locator`` is visible.</doc>
<status status="PASS" starttime="20211217 01:59:03.916" endtime="20211217 01:59:04.648"/>
</kw>
<kw name="Wait Until Element Is Enabled" library="SeleniumLibrary">
<arg>${Contract_dropdown}</arg>
<doc>Waits until the element ``locator`` is enabled.</doc>
<status status="PASS" starttime="20211217 01:59:04.648" endtime="20211217 01:59:04.673"/>
</kw>
<kw name="Click Element" library="SeleniumLibrary">
<arg>${Contract_dropdown}</arg>
<doc>Click the element identified by ``locator``.</doc>
<msg timestamp="20211217 01:59:04.674" level="INFO">Clicking element '//*[@data-testid="dt_contract_dropdown"]'.</msg>
<status status="PASS" starttime="20211217 01:59:04.673" endtime="20211217 01:59:04.732"/>
</kw>
<kw name="Wait Until Element Is Visible" library="SeleniumLibrary">
<arg>${Higher/Lower}</arg>
<doc>Waits until the element ``locator`` is visible.</doc>
<status status="PASS" starttime="20211217 01:59:04.732" endtime="20211217 01:59:04.987"/>
</kw>
<kw name="Click Element" library="SeleniumLibrary">
<arg>${Higher/Lower}</arg>
<doc>Click the element identified by ``locator``.</doc>
<msg timestamp="20211217 01:59:04.989" level="INFO">Clicking element '//*[text()="Higher/Lower"]'.</msg>
<status status="PASS" starttime="20211217 01:59:04.988" endtime="20211217 01:59:05.198"/>
</kw>
<kw name="Set Browser Implicit Wait" library="SeleniumLibrary">
<arg>30</arg>
<doc>Sets the implicit wait value used by Selenium.</doc>
<status status="PASS" starttime="20211217 01:59:05.198" endtime="20211217 01:59:05.199"/>
</kw>
<status status="PASS" starttime="20211217 01:59:03.916" endtime="20211217 01:59:05.200"/>
</kw>
<kw name="Then Change Duration">
<kw name="Wait Until Element Is Enabled" library="SeleniumLibrary">
<arg>${Dur}</arg>
<arg>120</arg>
<doc>Waits until the element ``locator`` is enabled.</doc>
<status status="PASS" starttime="20211217 01:59:05.201" endtime="20211217 01:59:05.563"/>
</kw>
<kw name="Click Element" library="SeleniumLibrary">
<arg>${Dur}</arg>
<doc>Click the element identified by ``locator``.</doc>
<msg timestamp="20211217 01:59:05.564" level="INFO">Clicking element '//*[@class="advanced-simple-toggle"]'.</msg>
<status status="PASS" starttime="20211217 01:59:05.564" endtime="20211217 01:59:05.866"/>
</kw>
<kw name="Wait Until Element Is Visible" library="SeleniumLibrary">
<arg>${Day_input}</arg>
<doc>Waits until the element ``locator`` is visible.</doc>
<status status="PASS" starttime="20211217 01:59:05.866" endtime="20211217 01:59:05.913"/>
</kw>
<kw name="Click Element" library="SeleniumLibrary">
<arg>${Day_input}</arg>
<doc>Click the element identified by ``locator``.</doc>
<msg timestamp="20211217 01:59:05.914" level="INFO">Clicking element '//*[@class="dc-input__field"]'.</msg>
<status status="PASS" starttime="20211217 01:59:05.913" endtime="20211217 01:59:06.032"/>
</kw>
<kw name="Press Keys" library="SeleniumLibrary">
<arg>${Day_input}</arg>
<arg>CTRL+a+BACKSPACE</arg>
<doc>Simulates the user pressing key(s) to an element or on the active browser.</doc>
<msg timestamp="20211217 01:59:06.033" level="INFO">Sending key(s) ('CTRL+a+BACKSPACE',) to //*[@class="dc-input__field"] element.</msg>
<msg timestamp="20211217 01:59:06.374" level="INFO">Pressing special key CONTROL down.</msg>
<msg timestamp="20211217 01:59:06.374" level="INFO">Sending key a</msg>
<msg timestamp="20211217 01:59:06.374" level="INFO">Pressing special key BACKSPACE down.</msg>
<msg timestamp="20211217 01:59:06.374" level="INFO">Releasing special key CONTROL.</msg>
<msg timestamp="20211217 01:59:06.374" level="INFO">Releasing special key BACKSPACE.</msg>
<status status="PASS" starttime="20211217 01:59:06.032" endtime="20211217 01:59:06.479"/>
</kw>
<kw name="Press Keys" library="SeleniumLibrary">
<arg>${Day_input}</arg>
<arg>2</arg>
<doc>Simulates the user pressing key(s) to an element or on the active browser.</doc>
<msg timestamp="20211217 01:59:06.480" level="INFO">Sending key(s) ('2',) to //*[@class="dc-input__field"] element.</msg>
<msg timestamp="20211217 01:59:06.843" level="INFO">Sending key 2</msg>
<status status="PASS" starttime="20211217 01:59:06.479" endtime="20211217 01:59:06.913"/>
</kw>
<kw name="Set Browser Implicit Wait" library="SeleniumLibrary">
<arg>30</arg>
<doc>Sets the implicit wait value used by Selenium.</doc>
<status status="PASS" starttime="20211217 01:59:06.913" endtime="20211217 01:59:06.915"/>
</kw>
<status status="PASS" starttime="20211217 01:59:05.200" endtime="20211217 01:59:06.915"/>
</kw>
<kw name="Then 15.50 Payout">
<kw name="Wait Until Element Is Visible" library="SeleniumLibrary">
<arg>${Payout_option}</arg>
<arg>120</arg>
<doc>Waits until the element ``locator`` is visible.</doc>
<status status="PASS" starttime="20211217 01:59:06.915" endtime="20211217 01:59:06.939"/>
</kw>
<kw name="Wait Until Element Is Enabled" library="SeleniumLibrary">
<arg>${Payout_option}</arg>
<arg>120</arg>
<doc>Waits until the element ``locator`` is enabled.</doc>
<status status="PASS" starttime="20211217 01:59:06.939" endtime="20211217 01:59:06.958"/>
</kw>
<kw name="Click Element" library="SeleniumLibrary">
<arg>${Payout_option}</arg>
<doc>Click the element identified by ``locator``.</doc>
<msg timestamp="20211217 01:59:06.959" level="INFO">Clicking element '//*[@id="dc_payout_toggle_item"]'.</msg>
<status status="PASS" starttime="20211217 01:59:06.959" endtime="20211217 01:59:07.039"/>
</kw>
<kw name="Wait Until Element Is Visible" library="SeleniumLibrary">
<arg>${Payout_input}</arg>
<doc>Waits until the element ``locator`` is visible.</doc>
<status status="PASS" starttime="20211217 01:59:07.039" endtime="20211217 01:59:07.062"/>
</kw>
<kw name="Click Element" library="SeleniumLibrary">
<arg>${Payout_input}</arg>
<doc>Click the element identified by ``locator``.</doc>
<msg timestamp="20211217 01:59:07.063" level="INFO">Clicking element '//*[@id="dt_amount_input"]'.</msg>
<status status="PASS" starttime="20211217 01:59:07.063" endtime="20211217 01:59:07.140"/>
</kw>
<kw name="Press Keys" library="SeleniumLibrary">
<arg>${Payout_input}</arg>
<arg>CTRL+a+BACKSPACE</arg>
<doc>Simulates the user pressing key(s) to an element or on the active browser.</doc>
<msg timestamp="20211217 01:59:07.141" level="INFO">Sending key(s) ('CTRL+a+BACKSPACE',) to //*[@id="dt_amount_input"] element.</msg>
<msg timestamp="20211217 01:59:07.430" level="INFO">Pressing special key CONTROL down.</msg>
<msg timestamp="20211217 01:59:07.430" level="INFO">Sending key a</msg>
<msg timestamp="20211217 01:59:07.430" level="INFO">Pressing special key BACKSPACE down.</msg>
<msg timestamp="20211217 01:59:07.430" level="INFO">Releasing special key CONTROL.</msg>
<msg timestamp="20211217 01:59:07.431" level="INFO">Releasing special key BACKSPACE.</msg>
<status status="PASS" starttime="20211217 01:59:07.140" endtime="20211217 01:59:07.463"/>
</kw>
<kw name="Press Keys" library="SeleniumLibrary">
<arg>${Payout_input}</arg>
<arg>1+5+.+5+0</arg>
<doc>Simulates the user pressing key(s) to an element or on the active browser.</doc>
<msg timestamp="20211217 01:59:07.464" level="INFO">Sending key(s) ('1+5+.+5+0',) to //*[@id="dt_amount_input"] element.</msg>
<msg timestamp="20211217 01:59:07.744" level="INFO">Sending key 1</msg>
<msg timestamp="20211217 01:59:07.744" level="INFO">Sending key 5</msg>
<msg timestamp="20211217 01:59:07.744" level="INFO">Sending key .</msg>
<msg timestamp="20211217 01:59:07.744" level="INFO">Sending key 5</msg>
<msg timestamp="20211217 01:59:07.745" level="INFO">Sending key 0</msg>
<status status="PASS" starttime="20211217 01:59:07.463" endtime="20211217 01:59:07.882"/>
</kw>
<kw name="Set Browser Implicit Wait" library="SeleniumLibrary">
<arg>30</arg>
<doc>Sets the implicit wait value used by Selenium.</doc>
<status status="PASS" starttime="20211217 01:59:07.882" endtime="20211217 01:59:07.885"/>
</kw>
<status status="PASS" starttime="20211217 01:59:06.915" endtime="20211217 01:59:07.886"/>
</kw>
<kw name="Then Buy Lower">
<kw name="Wait Until Element Is Visible" library="SeleniumLibrary">
<arg>${Buy_fall}</arg>
<arg>60</arg>
<doc>Waits until the element ``locator`` is visible.</doc>
<status status="PASS" starttime="20211217 01:59:07.887" endtime="20211217 01:59:24.587"/>
</kw>
<kw name="Wait Until Element Is Enabled" library="SeleniumLibrary">
<arg>${Buy_fall}</arg>
<arg>60</arg>
<doc>Waits until the element ``locator`` is enabled.</doc>
<status status="PASS" starttime="20211217 01:59:24.588" endtime="20211217 01:59:24.688"/>
</kw>
<kw name="Click Element" library="SeleniumLibrary">
<arg>${Buy_fall}</arg>
<doc>Click the element identified by ``locator``.</doc>
<msg timestamp="20211217 01:59:24.689" level="INFO">Clicking element '//*[@class="btn-purchase btn-purchase--2"]'.</msg>
<status status="PASS" starttime="20211217 01:59:24.689" endtime="20211217 01:59:24.844"/>
</kw>
<kw name="Set Browser Implicit Wait" library="SeleniumLibrary">
<arg>30</arg>
<doc>Sets the implicit wait value used by Selenium.</doc>
<status status="PASS" starttime="20211217 01:59:24.844" endtime="20211217 01:59:24.847"/>
</kw>
<status status="PASS" starttime="20211217 01:59:07.887" endtime="20211217 01:59:24.848"/>
</kw>
<status status="PASS" starttime="20211217 01:59:03.916" endtime="20211217 01:59:24.848"/>
</test>
<test id="s1-t6" name="Barrier Testing">
<kw name="Then Change Barrier">
<kw name="Wait Until Element Is Visible" library="SeleniumLibrary">
<arg>${Barrier_input}</arg>
<doc>Waits until the element ``locator`` is visible.</doc>
<status status="PASS" starttime="20211217 01:59:24.849" endtime="20211217 01:59:24.873"/>
</kw>
<kw name="Wait Until Element Is Enabled" library="SeleniumLibrary">
<arg>${Barrier_input}</arg>
<doc>Waits until the element ``locator`` is enabled.</doc>
<status status="PASS" starttime="20211217 01:59:24.874" endtime="20211217 01:59:24.911"/>
</kw>
<kw name="Click Element" library="SeleniumLibrary">
<arg>${Barrier_input}</arg>
<doc>Click the element identified by ``locator``.</doc>
<msg timestamp="20211217 01:59:24.912" level="INFO">Clicking element '//*[@name="barrier_1"]'.</msg>
<status status="PASS" starttime="20211217 01:59:24.911" endtime="20211217 01:59:24.984"/>
</kw>
<kw name="Press Keys" library="SeleniumLibrary">
<arg>${Barrier_input}</arg>
<arg>CTRL+a+BACKSPACE</arg>
<doc>Simulates the user pressing key(s) to an element or on the active browser.</doc>
<msg timestamp="20211217 01:59:24.985" level="INFO">Sending key(s) ('CTRL+a+BACKSPACE',) to //*[@name="barrier_1"] element.</msg>
<msg timestamp="20211217 01:59:25.279" level="INFO">Pressing special key CONTROL down.</msg>
<msg timestamp="20211217 01:59:25.279" level="INFO">Sending key a</msg>
<msg timestamp="20211217 01:59:25.279" level="INFO">Pressing special key BACKSPACE down.</msg>
<msg timestamp="20211217 01:59:25.279" level="INFO">Releasing special key CONTROL.</msg>
<msg timestamp="20211217 01:59:25.279" level="INFO">Releasing special key BACKSPACE.</msg>
<status status="PASS" starttime="20211217 01:59:24.984" endtime="20211217 01:59:25.359"/>
</kw>
<kw name="Press Keys" library="SeleniumLibrary">
<arg>${Barrier_input}</arg>
<arg>SHIFT+=</arg>
<doc>Simulates the user pressing key(s) to an element or on the active browser.</doc>
<msg timestamp="20211217 01:59:25.359" level="INFO">Sending key(s) ('SHIFT+=',) to //*[@name="barrier_1"] element.</msg>
<msg timestamp="20211217 01:59:25.702" level="INFO">Pressing special key SHIFT down.</msg>
<msg timestamp="20211217 01:59:25.702" level="INFO">Sending key =</msg>
<msg timestamp="20211217 01:59:25.702" level="INFO">Releasing special key SHIFT.</msg>
<status status="PASS" starttime="20211217 01:59:25.359" endtime="20211217 01:59:25.779"/>
</kw>
<kw name="Press Keys" library="SeleniumLibrary">
<arg>${Barrier_input}</arg>
<arg>0+.+1</arg>
<doc>Simulates the user pressing key(s) to an element or on the active browser.</doc>
<msg timestamp="20211217 01:59:25.780" level="INFO">Sending key(s) ('0+.+1',) to //*[@name="barrier_1"] element.</msg>
<msg timestamp="20211217 01:59:26.077" level="INFO">Sending key 0</msg>
<msg timestamp="20211217 01:59:26.077" level="INFO">Sending key .</msg>
<msg timestamp="20211217 01:59:26.077" level="INFO">Sending key 1</msg>
<status status="PASS" starttime="20211217 01:59:25.780" endtime="20211217 01:59:26.131"/>
</kw>
<kw name="Wait Until Element Is Visible" library="SeleniumLibrary">
<arg>${Barrier_error}</arg>
<doc>Waits until the element ``locator`` is visible.</doc>
<status status="PASS" starttime="20211217 01:59:26.132" endtime="20211217 01:59:27.851"/>
</kw>
<kw name="Set Browser Implicit Wait" library="SeleniumLibrary">
<arg>30</arg>
<doc>Sets the implicit wait value used by Selenium.</doc>
<status status="PASS" starttime="20211217 01:59:27.851" endtime="20211217 01:59:27.853"/>
</kw>
<status status="PASS" starttime="20211217 01:59:24.849" endtime="20211217 01:59:27.853"/>
</kw>
<kw name="Then 10 Payout">
<kw name="Wait Until Element Is Visible" library="SeleniumLibrary">
<arg>${Payout_option}</arg>
<arg>120</arg>
<doc>Waits until the element ``locator`` is visible.</doc>
<status status="PASS" starttime="20211217 01:59:27.854" endtime="20211217 01:59:27.868"/>
</kw>
<kw name="Wait Until Element Is Enabled" library="SeleniumLibrary">
<arg>${Payout_option}</arg>
<arg>120</arg>
<doc>Waits until the element ``locator`` is enabled.</doc>
<status status="PASS" starttime="20211217 01:59:27.868" endtime="20211217 01:59:27.895"/>
</kw>
<kw name="Click Element" library="SeleniumLibrary">
<arg>${Payout_option}</arg>
<doc>Click the element identified by ``locator``.</doc>
<msg timestamp="20211217 01:59:27.896" level="INFO">Clicking element '//*[@id="dc_payout_toggle_item"]'.</msg>
<status status="PASS" starttime="20211217 01:59:27.895" endtime="20211217 01:59:27.953"/>
</kw>
<kw name="Wait Until Element Is Visible" library="SeleniumLibrary">
<arg>${Payout_input}</arg>
<doc>Waits until the element ``locator`` is visible.</doc>
<status status="PASS" starttime="20211217 01:59:27.953" endtime="20211217 01:59:27.967"/>
</kw>
<kw name="Click Element" library="SeleniumLibrary">
<arg>${Payout_input}</arg>
<doc>Click the element identified by ``locator``.</doc>
<msg timestamp="20211217 01:59:27.968" level="INFO">Clicking element '//*[@id="dt_amount_input"]'.</msg>
<status status="PASS" starttime="20211217 01:59:27.967" endtime="20211217 01:59:28.011"/>
</kw>
<kw name="Press Keys" library="SeleniumLibrary">
<arg>${Payout_input}</arg>
<arg>CTRL+a+BACKSPACE</arg>
<doc>Simulates the user pressing key(s) to an element or on the active browser.</doc>
<msg timestamp="20211217 01:59:28.012" level="INFO">Sending key(s) ('CTRL+a+BACKSPACE',) to //*[@id="dt_amount_input"] element.</msg>
<msg timestamp="20211217 01:59:28.294" level="INFO">Pressing special key CONTROL down.</msg>
<msg timestamp="20211217 01:59:28.294" level="INFO">Sending key a</msg>
<msg timestamp="20211217 01:59:28.294" level="INFO">Pressing special key BACKSPACE down.</msg>
<msg timestamp="20211217 01:59:28.294" level="INFO">Releasing special key CONTROL.</msg>
<msg timestamp="20211217 01:59:28.294" level="INFO">Releasing special key BACKSPACE.</msg>
<status status="PASS" starttime="20211217 01:59:28.012" endtime="20211217 01:59:28.326"/>
</kw>
<kw name="Press Keys" library="SeleniumLibrary">
<arg>${Payout_input}</arg>
<arg>1+0</arg>
<doc>Simulates the user pressing key(s) to an element or on the active browser.</doc>
<msg timestamp="20211217 01:59:28.327" level="INFO">Sending key(s) ('1+0',) to //*[@id="dt_amount_input"] element.</msg>
<msg timestamp="20211217 01:59:28.611" level="INFO">Sending key 1</msg>
<msg timestamp="20211217 01:59:28.612" level="INFO">Sending key 0</msg>
<status status="PASS" starttime="20211217 01:59:28.327" endtime="20211217 01:59:28.679"/>
</kw>
<kw name="Set Browser Implicit Wait" library="SeleniumLibrary">
<arg>30</arg>
<doc>Sets the implicit wait value used by Selenium.</doc>
<status status="PASS" starttime="20211217 01:59:28.679" endtime="20211217 01:59:28.680"/>
</kw>
<status status="PASS" starttime="20211217 01:59:27.854" endtime="20211217 01:59:28.680"/>
</kw>
<status status="PASS" starttime="20211217 01:59:24.848" endtime="20211217 01:59:28.680"/>
</test>
<test id="s1-t7" name="Multiplier Testing">
<kw name="Then Select Vol50">
<kw name="Wait Until Page Does Not Contain Element" library="SeleniumLibrary">
<arg>${loading_icon}</arg>
<arg>300</arg>
<doc>Waits until the element ``locator`` disappears from the current page.</doc>
<status status="PASS" starttime="20211217 01:59:28.681" endtime="20211217 01:59:58.740"/>
</kw>
<kw name="Wait Until Page Contains Element" library="SeleniumLibrary">
<arg>${virtual_acc}</arg>
<arg>120</arg>
<doc>Waits until the element ``locator`` appears on the current page.</doc>
<status status="PASS" starttime="20211217 01:59:58.740" endtime="20211217 01:59:58.769"/>
</kw>
<kw name="Wait Until Page Contains Element" library="SeleniumLibrary">
<arg>${market_selection}</arg>
<arg>120</arg>
<doc>Waits until the element ``locator`` appears on the current page.</doc>
<status status="PASS" starttime="20211217 01:59:58.769" endtime="20211217 01:59:58.789"/>
</kw>
<kw name="Click Element" library="SeleniumLibrary">
<arg>${market_selection}</arg>
<doc>Click the element identified by ``locator``.</doc>
<msg timestamp="20211217 01:59:58.790" level="INFO">Clicking element '//*[@class="cq-symbol-select-btn"]'.</msg>
<status status="PASS" starttime="20211217 01:59:58.789" endtime="20211217 01:59:58.874"/>
</kw>
<kw name="Wait Until Page Contains Element" library="SeleniumLibrary">
<arg>${market_list}</arg>
<arg>120</arg>
<doc>Waits until the element ``locator`` appears on the current page.</doc>
<status status="PASS" starttime="20211217 01:59:58.875" endtime="20211217 01:59:58.885"/>
</kw>
<kw name="Wait Until Page Contains Element" library="SeleniumLibrary">
<arg>${Synthetic_indices}</arg>
<arg>120</arg>
<doc>Waits until the element ``locator`` appears on the current page.</doc>
<status status="PASS" starttime="20211217 01:59:58.885" endtime="20211217 01:59:58.899"/>
</kw>
<kw name="Wait Until Element Is Visible" library="SeleniumLibrary">
<arg>${volatility_50}</arg>
<arg>120</arg>
<doc>Waits until the element ``locator`` is visible.</doc>
<status status="PASS" starttime="20211217 01:59:58.899" endtime="20211217 01:59:59.382"/>
</kw>
<kw name="Wait Until Element Is Enabled" library="SeleniumLibrary">
<arg>${volatility_50}</arg>
<arg>120</arg>
<doc>Waits until the element ``locator`` is enabled.</doc>
<status status="PASS" starttime="20211217 01:59:59.382" endtime="20211217 01:59:59.498"/>
</kw>
<kw name="Click Element" library="SeleniumLibrary">
<arg>${volatility_50}</arg>
<doc>Click the element identified by ``locator``.</doc>
<msg timestamp="20211217 01:59:59.498" level="INFO">Clicking element '//*[@class="sc-mcd__item__name" and text()="Volatility 50 Index"]'.</msg>
<status status="PASS" starttime="20211217 01:59:59.498" endtime="20211217 01:59:59.762"/>
</kw>
<kw name="Wait Until Page Contains Element" library="SeleniumLibrary">
<arg>${vol50_chosen}</arg>
<arg>120</arg>
<doc>Waits until the element ``locator`` appears on the current page.</doc>
<status status="PASS" starttime="20211217 01:59:59.762" endtime="20211217 02:00:00.324"/>
</kw>
<kw name="Set Browser Implicit Wait" library="SeleniumLibrary">
<arg>30</arg>
<doc>Sets the implicit wait value used by Selenium.</doc>
<status status="PASS" starttime="20211217 02:00:00.324" endtime="20211217 02:00:00.325"/>
</kw>
<status status="PASS" starttime="20211217 01:59:28.681" endtime="20211217 02:00:00.326"/>
</kw>
<kw name="Then Multiplier Contract">
<kw name="Wait Until Element Is Visible" library="SeleniumLibrary">
<arg>${Contract_dropdown}</arg>
<doc>Waits until the element ``locator`` is visible.</doc>
<status status="PASS" starttime="20211217 02:00:00.326" endtime="20211217 02:00:00.344"/>
</kw>
<kw name="Wait Until Element Is Enabled" library="SeleniumLibrary">
<arg>${Contract_dropdown}</arg>
<doc>Waits until the element ``locator`` is enabled.</doc>
<status status="PASS" starttime="20211217 02:00:00.344" endtime="20211217 02:00:00.368"/>
</kw>
<kw name="Click Element" library="SeleniumLibrary">
<arg>${Contract_dropdown}</arg>
<doc>Click the element identified by ``locator``.</doc>
<msg timestamp="20211217 02:00:00.368" level="INFO">Clicking element '//*[@data-testid="dt_contract_dropdown"]'.</msg>
<status status="PASS" starttime="20211217 02:00:00.368" endtime="20211217 02:00:00.430"/>
</kw>
<kw name="Wait Until Element Is Visible" library="SeleniumLibrary">
<arg>${Multiplier}</arg>
<arg>120</arg>
<doc>Waits until the element ``locator`` is visible.</doc>
<status status="PASS" starttime="20211217 02:00:00.430" endtime="20211217 02:00:00.914"/>
</kw>
<kw name="Wait Until Element Is Enabled" library="SeleniumLibrary">
<arg>${Multiplier}</arg>
<arg>120</arg>
<doc>Waits until the element ``locator`` is enabled.</doc>
<status status="PASS" starttime="20211217 02:00:00.914" endtime="20211217 02:00:00.944"/>
</kw>
<kw name="Click Element" library="SeleniumLibrary">
<arg>${Multiplier}</arg>
<doc>Click the element identified by ``locator``.</doc>
<msg timestamp="20211217 02:00:00.944" level="INFO">Clicking element '//*[@class="dc-text contract-type-item__title" and text()="Multipliers"]'.</msg>
<status status="PASS" starttime="20211217 02:00:00.944" endtime="20211217 02:00:01.086"/>
</kw>
<kw name="Wait Until Page Does Not Contain Element" library="SeleniumLibrary">
<arg>${Payout_option}</arg>
<arg>120</arg>
<doc>Waits until the element ``locator`` disappears from the current page.</doc>
<status status="PASS" starttime="20211217 02:00:01.086" endtime="20211217 02:00:31.120"/>
</kw>
<kw name="Set Browser Implicit Wait" library="SeleniumLibrary">
<arg>30</arg>
<doc>Sets the implicit wait value used by Selenium.</doc>
<status status="PASS" starttime="20211217 02:00:31.120" endtime="20211217 02:00:31.121"/>
</kw>
<status status="PASS" starttime="20211217 02:00:00.326" endtime="20211217 02:00:31.121"/>
</kw>
<status status="PASS" starttime="20211217 01:59:28.681" endtime="20211217 02:00:31.121"/>
</test>
<test id="s1-t8" name="Take/Stop Checkbox">
<kw name="Take Profit/Stop Loss">
<kw name="Wait Until Element Is Visible" library="SeleniumLibrary">
<arg>${Take_profit}</arg>
<arg>120</arg>
<doc>Waits until the element ``locator`` is visible.</doc>
<kw name="Capture Page Screenshot" library="SeleniumLibrary">
<doc>Takes a screenshot of the current page and embeds it into a log file.</doc>
<msg timestamp="20211217 02:02:31.489" level="INFO" html="true">&lt;/td&gt;&lt;/tr&gt;&lt;tr&gt;&lt;td colspan="3"&gt;&lt;a href="selenium-screenshot-11.png"&gt;&lt;img src="selenium-screenshot-11.png" width="800px"&gt;&lt;/a&gt;</msg>
<status status="PASS" starttime="20211217 02:02:31.300" endtime="20211217 02:02:31.489"/>
</kw>
<msg timestamp="20211217 02:02:31.490" level="FAIL">Element '//*[@id="dc_take_profit-checkbox_input"]' not visible after 2 minutes.</msg>
<status status="FAIL" starttime="20211217 02:00:31.122" endtime="20211217 02:02:31.490"/>
</kw>
<kw name="Wait Until Element Is Enabled" library="SeleniumLibrary">
<arg>${Take_profit}</arg>
<arg>120</arg>
<doc>Waits until the element ``locator`` is enabled.</doc>
<status status="NOT RUN" starttime="20211217 02:02:31.490" endtime="20211217 02:02:31.490"/>
</kw>
<kw name="Click Element" library="SeleniumLibrary">
<arg>${Take_profit}</arg>
<doc>Click the element identified by ``locator``.</doc>
<status status="NOT RUN" starttime="20211217 02:02:31.490" endtime="20211217 02:02:31.490"/>
</kw>
<kw name="Click Element" library="SeleniumLibrary">
<arg>${Stop_loss}</arg>
<doc>Click the element identified by ``locator``.</doc>
<status status="NOT RUN" starttime="20211217 02:02:31.490" endtime="20211217 02:02:31.491"/>
</kw>
<kw name="Checkbox Should Be Selected" library="SeleniumLibrary">
<arg>${Take_profit}</arg>
<doc>Verifies checkbox ``locator`` is selected/checked.</doc>
<status status="NOT RUN" starttime="20211217 02:02:31.491" endtime="20211217 02:02:31.491"/>
</kw>
<kw name="Checkbox Should Be Selected" library="SeleniumLibrary">
<arg>${Stop_loss}</arg>
<doc>Verifies checkbox ``locator`` is selected/checked.</doc>
<status status="NOT RUN" starttime="20211217 02:02:31.491" endtime="20211217 02:02:31.491"/>
</kw>
<kw name="Checkbox Should Not Be Selected" library="SeleniumLibrary">
<arg>${Deal_cancellation}</arg>
<doc>Verifies checkbox ``locator`` is not selected/checked.</doc>
<status status="NOT RUN" starttime="20211217 02:02:31.491" endtime="20211217 02:02:31.491"/>
</kw>
<kw name="Set Browser Implicit Wait" library="SeleniumLibrary">
<arg>30</arg>
<doc>Sets the implicit wait value used by Selenium.</doc>
<status status="NOT RUN" starttime="20211217 02:02:31.491" endtime="20211217 02:02:31.491"/>
</kw>
<status status="FAIL" starttime="20211217 02:00:31.122" endtime="20211217 02:02:31.491"/>
</kw>
<status status="FAIL" starttime="20211217 02:00:31.121" endtime="20211217 02:02:31.492">Element '//*[@id="dc_take_profit-checkbox_input"]' not visible after 2 minutes.</status>
</test>
<status status="FAIL" starttime="20211217 01:57:41.475" endtime="20211217 02:02:31.493"/>
</suite>
<statistics>
<total>
<stat pass="7" fail="1" skip="0">All Tests</stat>
</total>
<tag>
</tag>
<suite>
<stat pass="7" fail="1" skip="0" id="s1" name="DTrader app">DTrader app</stat>
</suite>
</statistics>
<errors>
</errors>
</robot>
